# JRE version: Java(TM) SE Runtime Environment (8.0_321-b07) (build 1.8.0_321-b07)
# Java VM: Java HotSpot(TM) 64-Bit Server VM (25.321-b07 mixed mode windows-amd64 compressed oops)
Heap:
 PSYoungGen      total 232448K, used 140008K [0x00000000d5c00000, 0x00000000e4e80000, 0x0000000100000000)
  eden space 216576K, 64% used [0x00000000d5c00000,0x00000000de4ba060,0x00000000e2f80000)
  from space 15872K, 0% used [0x00000000e2f80000,0x00000000e2f80000,0x00000000e3f00000)
  to   space 14336K, 0% used [0x00000000e4000000,0x00000000e4000000,0x00000000e4e00000)
 ParOldGen       total 93696K, used 31334K [0x0000000081400000, 0x0000000086f80000, 0x00000000d5c00000)
  object space 93696K, 33% used [0x0000000081400000,0x0000000083299ba0,0x0000000086f80000)
 Metaspace       used 66351K, capacity 68690K, committed 68696K, reserved 1107968K
  class space    used 8897K, capacity 9340K, committed 9344K, reserved 1048576K
GC Heap History (10 events):
Event: 7.632 GC heap before
{Heap before GC invocations=10 (full 2):
 PSYoungGen      total 184320K, used 9193K [0x00000000d5c00000, 0x00000000e4280000, 0x0000000100000000)
  eden space 175104K, 0% used [0x00000000d5c00000,0x00000000d5c00000,0x00000000e0700000)
  from space 9216K, 99% used [0x00000000e1400000,0x00000000e1cfa478,0x00000000e1d00000)
  to   space 13312K, 0% used [0x00000000e0700000,0x00000000e0700000,0x00000000e1400000)
 ParOldGen       total 52224K, used 15118K [0x0000000081400000, 0x0000000084700000, 0x00000000d5c00000)
  object space 52224K, 28% used [0x0000000081400000,0x00000000822c3aa0,0x0000000084700000)
 Metaspace       used 33891K, capacity 35364K, committed 35416K, reserved 1079296K
  class space    used 4438K, capacity 4725K, committed 4736K, reserved 1048576K
Event: 7.781 GC heap after
Heap after GC invocations=10 (full 2):
 PSYoungGen      total 184320K, used 0K [0x00000000d5c00000, 0x00000000e4280000, 0x0000000100000000)
  eden space 175104K, 0% used [0x00000000d5c00000,0x00000000d5c00000,0x00000000e0700000)
  from space 9216K, 0% used [0x00000000e1400000,0x00000000e1400000,0x00000000e1d00000)
  to   space 13312K, 0% used [0x00000000e0700000,0x00000000e0700000,0x00000000e1400000)
 ParOldGen       total 93696K, used 21238K [0x0000000081400000, 0x0000000086f80000, 0x00000000d5c00000)
  object space 93696K, 22% used [0x0000000081400000,0x00000000828bdb40,0x0000000086f80000)
 Metaspace       used 33891K, capacity 35364K, committed 35416K, reserved 1079296K
  class space    used 4438K, capacity 4725K, committed 4736K, reserved 1048576K
}
Event: 10.980 GC heap before
{Heap before GC invocations=11 (full 2):
 PSYoungGen      total 184320K, used 175104K [0x00000000d5c00000, 0x00000000e4280000, 0x0000000100000000)
  eden space 175104K, 100% used [0x00000000d5c00000,0x00000000e0700000,0x00000000e0700000)
  from space 9216K, 0% used [0x00000000e1400000,0x00000000e1400000,0x00000000e1d00000)
  to   space 13312K, 0% used [0x00000000e0700000,0x00000000e0700000,0x00000000e1400000)
 ParOldGen       total 93696K, used 21238K [0x0000000081400000, 0x0000000086f80000, 0x00000000d5c00000)
  object space 93696K, 22% used [0x0000000081400000,0x00000000828bdb40,0x0000000086f80000)
 Metaspace       used 44921K, capacity 46590K, committed 46808K, reserved 1089536K
  class space    used 6030K, capacity 6352K, committed 6400K, reserved 1048576K
Event: 10.996 GC heap after
Heap after GC invocations=11 (full 2):
 PSYoungGen      total 188416K, used 12175K [0x00000000d5c00000, 0x00000000e4e00000, 0x0000000100000000)
  eden space 175104K, 0% used [0x00000000d5c00000,0x00000000d5c00000,0x00000000e0700000)
  from space 13312K, 91% used [0x00000000e0700000,0x00000000e12e3d60,0x00000000e1400000)
  to   space 14336K, 0% used [0x00000000e4000000,0x00000000e4000000,0x00000000e4e00000)
 ParOldGen       total 93696K, used 21246K [0x0000000081400000, 0x0000000086f80000, 0x00000000d5c00000)
  object space 93696K, 22% used [0x0000000081400000,0x00000000828bfb40,0x0000000086f80000)
 Metaspace       used 44921K, capacity 46590K, committed 46808K, reserved 1089536K
  class space    used 6030K, capacity 6352K, committed 6400K, reserved 1048576K
}
Event: 14.322 GC heap before
{Heap before GC invocations=12 (full 2):
 PSYoungGen      total 188416K, used 187279K [0x00000000d5c00000, 0x00000000e4e00000, 0x0000000100000000)
  eden space 175104K, 100% used [0x00000000d5c00000,0x00000000e0700000,0x00000000e0700000)
  from space 13312K, 91% used [0x00000000e0700000,0x00000000e12e3d60,0x00000000e1400000)
  to   space 14336K, 0% used [0x00000000e4000000,0x00000000e4000000,0x00000000e4e00000)
 ParOldGen       total 93696K, used 21246K [0x0000000081400000, 0x0000000086f80000, 0x00000000d5c00000)
  object space 93696K, 22% used [0x0000000081400000,0x00000000828bfb40,0x0000000086f80000)
 Metaspace       used 51999K, capacity 54106K, committed 54232K, reserved 1095680K
  class space    used 6945K, capacity 7314K, committed 7424K, reserved 1048576K
Event: 14.355 GC heap after
Heap after GC invocations=12 (full 2):
 PSYoungGen      total 230912K, used 13942K [0x00000000d5c00000, 0x00000000e4e80000, 0x0000000100000000)
  eden space 216576K, 0% used [0x00000000d5c00000,0x00000000d5c00000,0x00000000e2f80000)
  from space 14336K, 97% used [0x00000000e4000000,0x00000000e4d9d850,0x00000000e4e00000)
  to   space 15872K, 0% used [0x00000000e2f80000,0x00000000e2f80000,0x00000000e3f00000)
 ParOldGen       total 93696K, used 21254K [0x0000000081400000, 0x0000000086f80000, 0x00000000d5c00000)
  object space 93696K, 22% used [0x0000000081400000,0x00000000828c1b40,0x0000000086f80000)
 Metaspace       used 51999K, capacity 54106K, committed 54232K, reserved 1095680K
  class space    used 6945K, capacity 7314K, committed 7424K, reserved 1048576K
}
Event: 15.387 GC heap before
{Heap before GC invocations=13 (full 2):
 PSYoungGen      total 230912K, used 81745K [0x00000000d5c00000, 0x00000000e4e80000, 0x0000000100000000)
  eden space 216576K, 31% used [0x00000000d5c00000,0x00000000d9e36f60,0x00000000e2f80000)
  from space 14336K, 97% used [0x00000000e4000000,0x00000000e4d9d850,0x00000000e4e00000)
  to   space 15872K, 0% used [0x00000000e2f80000,0x00000000e2f80000,0x00000000e3f00000)
 ParOldGen       total 93696K, used 21254K [0x0000000081400000, 0x0000000086f80000, 0x00000000d5c00000)
  object space 93696K, 22% used [0x0000000081400000,0x00000000828c1b40,0x0000000086f80000)
 Metaspace       used 56712K, capacity 58888K, committed 58968K, reserved 1099776K
  class space    used 7614K, capacity 8017K, committed 8064K, reserved 1048576K
Event: 15.413 GC heap after
Heap after GC invocations=13 (full 2):
 PSYoungGen      total 232448K, used 13490K [0x00000000d5c00000, 0x00000000e4e80000, 0x0000000100000000)
  eden space 216576K, 0% used [0x00000000d5c00000,0x00000000d5c00000,0x00000000e2f80000)
  from space 15872K, 84% used [0x00000000e2f80000,0x00000000e3cacb28,0x00000000e3f00000)
  to   space 14336K, 0% used [0x00000000e4000000,0x00000000e4000000,0x00000000e4e00000)
 ParOldGen       total 93696K, used 21262K [0x0000000081400000, 0x0000000086f80000, 0x00000000d5c00000)
  object space 93696K, 22% used [0x0000000081400000,0x00000000828c3b40,0x0000000086f80000)
 Metaspace       used 56712K, capacity 58888K, committed 58968K, reserved 1099776K
  class space    used 7614K, capacity 8017K, committed 8064K, reserved 1048576K
}
Event: 15.413 GC heap before
{Heap before GC invocations=14 (full 3):
 PSYoungGen      total 232448K, used 13490K [0x00000000d5c00000, 0x00000000e4e80000, 0x0000000100000000)
  eden space 216576K, 0% used [0x00000000d5c00000,0x00000000d5c00000,0x00000000e2f80000)
  from space 15872K, 84% used [0x00000000e2f80000,0x00000000e3cacb28,0x00000000e3f00000)
  to   space 14336K, 0% used [0x00000000e4000000,0x00000000e4000000,0x00000000e4e00000)
 ParOldGen       total 93696K, used 21262K [0x0000000081400000, 0x0000000086f80000, 0x00000000d5c00000)
  object space 93696K, 22% used [0x0000000081400000,0x00000000828c3b40,0x0000000086f80000)
 Metaspace       used 56712K, capacity 58888K, committed 58968K, reserved 1099776K
  class space    used 7614K, capacity 8017K, committed 8064K, reserved 1048576K
Event: 15.672 GC heap after
Heap after GC invocations=14 (full 3):
 PSYoungGen      total 232448K, used 0K [0x00000000d5c00000, 0x00000000e4e80000, 0x0000000100000000)
  eden space 216576K, 0% used [0x00000000d5c00000,0x00000000d5c00000,0x00000000e2f80000)
  from space 15872K, 0% used [0x00000000e2f80000,0x00000000e2f80000,0x00000000e3f00000)
  to   space 14336K, 0% used [0x00000000e4000000,0x00000000e4000000,0x00000000e4e00000)
 ParOldGen       total 93696K, used 31334K [0x0000000081400000, 0x0000000086f80000, 0x00000000d5c00000)
  object space 93696K, 33% used [0x0000000081400000,0x0000000083299ba0,0x0000000086f80000)
 Metaspace       used 56712K, capacity 58888K, committed 58968K, reserved 1099776K
  class space    used 7614K, capacity 8017K, committed 8064K, reserved 1048576K
}

