# JRE version: Java(TM) SE Runtime Environment (8.0_321-b07) (build 1.8.0_321-b07)
# Java VM: Java HotSpot(TM) 64-Bit Server VM (25.321-b07 mixed mode windows-amd64 compressed oops)
Heap:
 PSYoungGen      total 284672K, used 32291K [0x00000000d5c00000, 0x00000000eb900000, 0x0000000100000000)
  eden space 265728K, 6% used [0x00000000d5c00000,0x00000000d6c32260,0x00000000e5f80000)
  from space 18944K, 82% used [0x00000000e5f80000,0x00000000e6ed6b78,0x00000000e7200000)
  to   space 19968K, 0% used [0x00000000ea580000,0x00000000ea580000,0x00000000eb900000)
 ParOldGen       total 126976K, used 31685K [0x0000000081400000, 0x0000000089000000, 0x00000000d5c00000)
  object space 126976K, 24% used [0x0000000081400000,0x00000000832f14c0,0x0000000089000000)
 Metaspace       used 73637K, capacity 76216K, committed 76288K, reserved 1116160K
  class space    used 9910K, capacity 10463K, committed 10496K, reserved 1048576K
GC Heap History (10 events):
Event: 18.525 GC heap before
{Heap before GC invocations=12 (full 2):
 PSYoungGen      total 187904K, used 186970K [0x00000000d5c00000, 0x00000000e4e80000, 0x0000000100000000)
  eden space 174592K, 100% used [0x00000000d5c00000,0x00000000e0680000,0x00000000e0680000)
  from space 13312K, 92% used [0x00000000e0680000,0x00000000e1296a00,0x00000000e1380000)
  to   space 14336K, 0% used [0x00000000e4080000,0x00000000e4080000,0x00000000e4e80000)
 ParOldGen       total 93184K, used 21170K [0x0000000081400000, 0x0000000086f00000, 0x00000000d5c00000)
  object space 93184K, 22% used [0x0000000081400000,0x00000000828ac820,0x0000000086f00000)
 Metaspace       used 52437K, capacity 54574K, committed 54784K, reserved 1097728K
  class space    used 6993K, capacity 7380K, committed 7424K, reserved 1048576K
Event: 18.552 GC heap after
Heap after GC invocations=12 (full 2):
 PSYoungGen      total 228864K, used 13803K [0x00000000d5c00000, 0x00000000e4e00000, 0x0000000100000000)
  eden space 215040K, 0% used [0x00000000d5c00000,0x00000000d5c00000,0x00000000e2e00000)
  from space 13824K, 99% used [0x00000000e4080000,0x00000000e4dfac28,0x00000000e4e00000)
  to   space 15872K, 0% used [0x00000000e2f00000,0x00000000e2f00000,0x00000000e3e80000)
 ParOldGen       total 93184K, used 21178K [0x0000000081400000, 0x0000000086f00000, 0x00000000d5c00000)
  object space 93184K, 22% used [0x0000000081400000,0x00000000828ae820,0x0000000086f00000)
 Metaspace       used 52437K, capacity 54574K, committed 54784K, reserved 1097728K
  class space    used 6993K, capacity 7380K, committed 7424K, reserved 1048576K
}
Event: 19.644 GC heap before
{Heap before GC invocations=13 (full 2):
 PSYoungGen      total 228864K, used 75754K [0x00000000d5c00000, 0x00000000e4e00000, 0x0000000100000000)
  eden space 215040K, 28% used [0x00000000d5c00000,0x00000000d987fd48,0x00000000e2e00000)
  from space 13824K, 99% used [0x00000000e4080000,0x00000000e4dfac28,0x00000000e4e00000)
  to   space 15872K, 0% used [0x00000000e2f00000,0x00000000e2f00000,0x00000000e3e80000)
 ParOldGen       total 93184K, used 21178K [0x0000000081400000, 0x0000000086f00000, 0x00000000d5c00000)
  object space 93184K, 22% used [0x0000000081400000,0x00000000828ae820,0x0000000086f00000)
 Metaspace       used 56956K, capacity 59120K, committed 59160K, reserved 1099776K
  class space    used 7644K, capacity 8049K, committed 8064K, reserved 1048576K
Event: 19.668 GC heap after
Heap after GC invocations=13 (full 2):
 PSYoungGen      total 231936K, used 13145K [0x00000000d5c00000, 0x00000000e8480000, 0x0000000100000000)
  eden space 216064K, 0% used [0x00000000d5c00000,0x00000000d5c00000,0x00000000e2f00000)
  from space 15872K, 82% used [0x00000000e2f00000,0x00000000e3bd67c0,0x00000000e3e80000)
  to   space 16896K, 0% used [0x00000000e7400000,0x00000000e7400000,0x00000000e8480000)
 ParOldGen       total 93184K, used 21186K [0x0000000081400000, 0x0000000086f00000, 0x00000000d5c00000)
  object space 93184K, 22% used [0x0000000081400000,0x00000000828b0820,0x0000000086f00000)
 Metaspace       used 56956K, capacity 59120K, committed 59160K, reserved 1099776K
  class space    used 7644K, capacity 8049K, committed 8064K, reserved 1048576K
}
Event: 19.668 GC heap before
{Heap before GC invocations=14 (full 3):
 PSYoungGen      total 231936K, used 13145K [0x00000000d5c00000, 0x00000000e8480000, 0x0000000100000000)
  eden space 216064K, 0% used [0x00000000d5c00000,0x00000000d5c00000,0x00000000e2f00000)
  from space 15872K, 82% used [0x00000000e2f00000,0x00000000e3bd67c0,0x00000000e3e80000)
  to   space 16896K, 0% used [0x00000000e7400000,0x00000000e7400000,0x00000000e8480000)
 ParOldGen       total 93184K, used 21186K [0x0000000081400000, 0x0000000086f00000, 0x00000000d5c00000)
  object space 93184K, 22% used [0x0000000081400000,0x00000000828b0820,0x0000000086f00000)
 Metaspace       used 56956K, capacity 59120K, committed 59160K, reserved 1099776K
  class space    used 7644K, capacity 8049K, committed 8064K, reserved 1048576K
Event: 19.982 GC heap after
Heap after GC invocations=14 (full 3):
 PSYoungGen      total 231936K, used 0K [0x00000000d5c00000, 0x00000000e8480000, 0x0000000100000000)
  eden space 216064K, 0% used [0x00000000d5c00000,0x00000000d5c00000,0x00000000e2f00000)
  from space 15872K, 0% used [0x00000000e2f00000,0x00000000e2f00000,0x00000000e3e80000)
  to   space 16896K, 0% used [0x00000000e7400000,0x00000000e7400000,0x00000000e8480000)
 ParOldGen       total 126976K, used 31153K [0x0000000081400000, 0x0000000089000000, 0x00000000d5c00000)
  object space 126976K, 24% used [0x0000000081400000,0x000000008326c740,0x0000000089000000)
 Metaspace       used 56956K, capacity 59120K, committed 59160K, reserved 1099776K
  class space    used 7644K, capacity 8049K, committed 8064K, reserved 1048576K
}
Event: 24.608 GC heap before
{Heap before GC invocations=15 (full 3):
 PSYoungGen      total 231936K, used 216064K [0x00000000d5c00000, 0x00000000e8480000, 0x0000000100000000)
  eden space 216064K, 100% used [0x00000000d5c00000,0x00000000e2f00000,0x00000000e2f00000)
  from space 15872K, 0% used [0x00000000e2f00000,0x00000000e2f00000,0x00000000e3e80000)
  to   space 16896K, 0% used [0x00000000e7400000,0x00000000e7400000,0x00000000e8480000)
 ParOldGen       total 126976K, used 31153K [0x0000000081400000, 0x0000000089000000, 0x00000000d5c00000)
  object space 126976K, 24% used [0x0000000081400000,0x000000008326c740,0x0000000089000000)
 Metaspace       used 68358K, capacity 70774K, committed 70912K, reserved 1110016K
  class space    used 9154K, capacity 9622K, committed 9728K, reserved 1048576K
Event: 24.653 GC heap after
Heap after GC invocations=15 (full 3):
 PSYoungGen      total 282624K, used 16885K [0x00000000d5c00000, 0x00000000e8480000, 0x0000000100000000)
  eden space 265728K, 0% used [0x00000000d5c00000,0x00000000d5c00000,0x00000000e5f80000)
  from space 16896K, 99% used [0x00000000e7400000,0x00000000e847d6b8,0x00000000e8480000)
  to   space 18944K, 0% used [0x00000000e5f80000,0x00000000e5f80000,0x00000000e7200000)
 ParOldGen       total 126976K, used 31677K [0x0000000081400000, 0x0000000089000000, 0x00000000d5c00000)
  object space 126976K, 24% used [0x0000000081400000,0x00000000832ef4c0,0x0000000089000000)
 Metaspace       used 68358K, capacity 70774K, committed 70912K, reserved 1110016K
  class space    used 9154K, capacity 9622K, committed 9728K, reserved 1048576K
}
Event: 52.766 GC heap before
{Heap before GC invocations=16 (full 3):
 PSYoungGen      total 282624K, used 282613K [0x00000000d5c00000, 0x00000000e8480000, 0x0000000100000000)
  eden space 265728K, 100% used [0x00000000d5c00000,0x00000000e5f80000,0x00000000e5f80000)
  from space 16896K, 99% used [0x00000000e7400000,0x00000000e847d6b8,0x00000000e8480000)
  to   space 18944K, 0% used [0x00000000e5f80000,0x00000000e5f80000,0x00000000e7200000)
 ParOldGen       total 126976K, used 31677K [0x0000000081400000, 0x0000000089000000, 0x00000000d5c00000)
  object space 126976K, 24% used [0x0000000081400000,0x00000000832ef4c0,0x0000000089000000)
 Metaspace       used 73593K, capacity 76164K, committed 76288K, reserved 1116160K
  class space    used 9893K, capacity 10423K, committed 10496K, reserved 1048576K
Event: 52.818 GC heap after
Heap after GC invocations=16 (full 3):
 PSYoungGen      total 284672K, used 15706K [0x00000000d5c00000, 0x00000000eb900000, 0x0000000100000000)
  eden space 265728K, 0% used [0x00000000d5c00000,0x00000000d5c00000,0x00000000e5f80000)
  from space 18944K, 82% used [0x00000000e5f80000,0x00000000e6ed6b78,0x00000000e7200000)
  to   space 19968K, 0% used [0x00000000ea580000,0x00000000ea580000,0x00000000eb900000)
 ParOldGen       total 126976K, used 31685K [0x0000000081400000, 0x0000000089000000, 0x00000000d5c00000)
  object space 126976K, 24% used [0x0000000081400000,0x00000000832f14c0,0x0000000089000000)
 Metaspace       used 73593K, capacity 76164K, committed 76288K, reserved 1116160K
  class space    used 9893K, capacity 10423K, committed 10496K, reserved 1048576K
}

